#-----------------------------------------------------------
# Vivado v2017.2.1 (64-bit)
# SW Build 1957588 on Wed Aug  9 16:32:24 MDT 2017
# IP Build 1948039 on Wed Aug  9 18:19:28 MDT 2017
# Start of session at: Mon Dec 18 23:00:00 2017
# Process ID: 5504
# Current directory: C:/Users/JW/Desktop/MKEL1183 Advanced Computer Architecture/Assignment1/Basic_CPU
# Command line: vivado.exe -gui_launcher_event rodinguilauncherevent4080 C:\Users\JW\Desktop\MKEL1183 Advanced Computer Architecture\Assignment1\Basic_CPU\Basic_CPU.xpr
# Log file: C:/Users/JW/Desktop/MKEL1183 Advanced Computer Architecture/Assignment1/Basic_CPU/vivado.log
# Journal file: C:/Users/JW/Desktop/MKEL1183 Advanced Computer Architecture/Assignment1/Basic_CPU\vivado.jou
#-----------------------------------------------------------
start_gui
open_project {C:/Users/JW/Desktop/MKEL1183 Advanced Computer Architecture/Assignment1/Basic_CPU/Basic_CPU.xpr}
INFO: [ProjectBase 1-489] The host OS only allows 260 characters in a normal path. The project is stored in a path with more than 80 characters. If you experience issues with IP, Block Designs, or files not being found, please consider moving the project to a location with a shorter path. Alternately consider using the OS subst command to map part of the path to a drive letter.
Current project path is 'C:/Users/JW/Desktop/MKEL1183 Advanced Computer Architecture/Assignment1/Basic_CPU'
Scanning sources...
Finished scanning sources
INFO: [IP_Flow 19-234] Refreshing IP repositories
INFO: [IP_Flow 19-1704] No user IP repositories specified
INFO: [IP_Flow 19-2313] Loaded Vivado IP repository 'C:/Xilinx/Vivado/2017.2/data/ip'.
open_project: Time (s): cpu = 00:00:15 ; elapsed = 00:00:13 . Memory (MB): peak = 787.754 ; gain = 105.816
update_compile_order -fileset sources_1
reset_run synth_1
launch_runs synth_1 -jobs 2
[Mon Dec 18 23:53:21 2017] Launched synth_1...
Run output will be captured here: C:/Users/JW/Desktop/MKEL1183 Advanced Computer Architecture/Assignment1/Basic_CPU/Basic_CPU.runs/synth_1/runme.log
reset_run synth_1
launch_runs synth_1 -jobs 2
[Mon Dec 18 23:54:14 2017] Launched synth_1...
Run output will be captured here: C:/Users/JW/Desktop/MKEL1183 Advanced Computer Architecture/Assignment1/Basic_CPU/Basic_CPU.runs/synth_1/runme.log
reset_run synth_1
launch_runs synth_1 -jobs 2
[Mon Dec 18 23:54:58 2017] Launched synth_1...
Run output will be captured here: C:/Users/JW/Desktop/MKEL1183 Advanced Computer Architecture/Assignment1/Basic_CPU/Basic_CPU.runs/synth_1/runme.log
